<?xml version="1.0" encoding="UTF-8"?>
<testsuite name="com.bloomtech.welcomeletter.MasteryTask_4_FormLetterService" tests="1" skipped="0" failures="0" errors="0" timestamp="2024-10-10T23:52:25" hostname="MHSNEWHOTNESS" time="0.057">
  <properties/>
  <testcase name="generateFormLetter_returnsWelcomeLetter()" classname="com.bloomtech.welcomeletter.MasteryTask_4_FormLetterService" time="0.057"/>
  <system-out><![CDATA[]]></system-out>
  <system-err><![CDATA[]]></system-err>
</testsuite>
